<?xml version="1.0" encoding="UTF-8"?>
<!-- Generated by org.testng.reporters.JUnitReportReporter -->
<testsuite hostname="KHLC01002" failures="0" tests="1" name="AmazonCartTest.AddToCartTest3_OneCase" time="15.989" errors="0" timestamp="2023-08-25T16:04:56 JST" skipped="0">
  <testcase classname="AmazonCartTest.AddToCartTest3_OneCase" name="checkItemB" time="15.989"/>
</testsuite> <!-- AmazonCartTest.AddToCartTest3_OneCase -->
