<?xml version="1.0" encoding="UTF-8"?>
<!-- Generated by org.testng.reporters.JUnitReportReporter -->
<testsuite hostname="KHLC01002" failures="0" tests="2" name="AmazonCartTest.AddToCartTest" time="24.003" errors="0" timestamp="2023-08-25T14:44:57 JST" skipped="0">
  <testcase classname="AmazonCartTest.AddToCartTest" name="checkItemB" time="10.827"/>
  <testcase classname="AmazonCartTest.AddToCartTest" name="checkItemA" time="13.176"/>
</testsuite> <!-- AmazonCartTest.AddToCartTest -->
