<?xml version="1.0" encoding="UTF-8"?>
<!-- Generated by org.testng.reporters.JUnitReportReporter -->
<testsuite hostname="KHLC01002" failures="0" tests="1" name="AmazonCartTest.AddToCartTest1" time="19.032" errors="0" timestamp="2023-08-30T13:16:03 JST" skipped="0">
  <testcase classname="AmazonCartTest.AddToCartTest1" name="checkItemA" time="19.032"/>
  <system-out/>
</testsuite> <!-- AmazonCartTest.AddToCartTest1 -->
